[2025-05-28 11:14:30,870: INFO: common: yaml file: config\config.yaml loaded successfully]
[2025-05-28 11:14:30,874: INFO: common: yaml file: params.yaml loaded successfully]
[2025-05-28 11:17:39,435: INFO: common: yaml file: config\config.yaml loaded successfully]
[2025-05-28 11:17:39,438: INFO: common: yaml file: params.yaml loaded successfully]
[2025-05-28 11:20:08,165: INFO: common: yaml file: config\config.yaml loaded successfully]
[2025-05-28 11:20:08,169: INFO: common: yaml file: params.yaml loaded successfully]
[2025-05-28 11:21:20,500: INFO: common: yaml file: config\config.yaml loaded successfully]
[2025-05-28 11:21:20,544: INFO: common: yaml file: params.yaml loaded successfully]
[2025-05-28 11:22:19,141: INFO: common: yaml file: config\config.yaml loaded successfully]
[2025-05-28 11:22:19,143: INFO: common: yaml file: params.yaml loaded successfully]
[2025-05-28 11:25:01,144: INFO: common: yaml file: config\config.yaml loaded successfully]
[2025-05-28 11:25:01,147: INFO: common: yaml file: params.yaml loaded successfully]
[2025-05-28 11:25:29,723: INFO: common: yaml file: config\config.yaml loaded successfully]
[2025-05-28 11:25:29,727: INFO: common: yaml file: params.yaml loaded successfully]
[2025-05-28 11:29:25,479: INFO: common: yaml file: config\config.yaml loaded successfully]
[2025-05-28 11:29:25,484: INFO: common: yaml file: params.yaml loaded successfully]
[2025-05-28 11:40:57,549: INFO: common: yaml file: config\config.yaml loaded successfully]
[2025-05-28 11:40:57,552: INFO: common: yaml file: params.yaml loaded successfully]
[2025-05-28 11:41:33,034: INFO: common: yaml file: config\config.yaml loaded successfully]
[2025-05-28 11:41:33,039: INFO: common: yaml file: params.yaml loaded successfully]
[2025-05-28 11:44:22,335: INFO: common: yaml file: config\config.yaml loaded successfully]
[2025-05-28 11:44:22,338: INFO: common: yaml file: params.yaml loaded successfully]
[2025-05-28 11:47:41,309: INFO: common: yaml file: ./config/config.yaml loaded successfully]
[2025-05-28 11:47:41,333: INFO: common: yaml file: params.yaml loaded successfully]
[2025-05-28 11:47:41,337: INFO: common: created directory at: artifacts]
[2025-05-28 11:47:41,340: INFO: common: created directory at: artifacts/data_ingestion]
[2025-05-28 11:47:41,344: INFO: 1983665874: Downloading data from https://drive.google.com/file/d/1z0mreUtRmR-P-magILsDR3T7M6IkGXtY/view?usp=sharing into file artifacts/data_ingestion/data.zip]
[2025-05-28 11:48:01,932: INFO: 1983665874: Downloaded data from https://drive.google.com/file/d/1z0mreUtRmR-P-magILsDR3T7M6IkGXtY/view?usp=sharing into file artifacts/data_ingestion/data.zip]
[2025-05-28 12:06:35,055: INFO: main: >>>>>> stage Data Ingestion stage started <<<<<<]
[2025-05-28 12:06:35,058: INFO: common: yaml file: config\config.yaml loaded successfully]
[2025-05-28 12:06:35,060: INFO: common: yaml file: params.yaml loaded successfully]
[2025-05-28 12:06:35,062: INFO: common: created directory at: artifacts]
[2025-05-28 12:06:35,064: INFO: common: created directory at: artifacts/data_ingestion]
[2025-05-28 12:06:35,069: INFO: data_ingestion: Downloading data from https://drive.google.com/file/d/1z0mreUtRmR-P-magILsDR3T7M6IkGXtY/view?usp=sharing into file artifacts/data_ingestion/data.zip]
[2025-05-28 12:06:51,411: INFO: data_ingestion: Downloaded data from https://drive.google.com/file/d/1z0mreUtRmR-P-magILsDR3T7M6IkGXtY/view?usp=sharing into file artifacts/data_ingestion/data.zip]
[2025-05-28 12:06:53,677: INFO: main: >>>>>> stage Data Ingestion stage completed <<<<<<

x==========x]
